# JRE version: OpenJDK Runtime Environment (17.0.10) (build 17.0.10+0--11572160)
# Java VM: OpenJDK 64-Bit Server VM (17.0.10+0--11572160, mixed mode, tiered, compressed oops, compressed class ptrs, g1 gc, windows-amd64)
GC Precious Log:
 CPUs: 8 total, 8 available
 Memory: 8059M
 Large Page Support: Disabled
 NUMA Support: Disabled
 Compressed Oops: Enabled (32-bit)
 Heap Region Size: 1M
 Heap Min Capacity: 8M
 Heap Initial Capacity: 126M
 Heap Max Capacity: 2G
 Pre-touch: Disabled
 Parallel Workers: 8
 Concurrent Workers: 2
 Concurrent Refinement Workers: 8
 Periodic GC: Disabled
Heap:
 garbage-first heap   total 172032K, used 120469K [0x0000000080000000, 0x0000000100000000)
  region size 1024K, 26 young (26624K), 5 survivors (5120K)
 Metaspace       used 89474K, committed 90112K, reserved 1179648K
  class space    used 12006K, committed 12288K, reserved 1048576K
GC Heap History (20 events):
Event: 15.929 GC heap before
{Heap before GC invocations=39 (full 0):
 garbage-first heap   total 133120K, used 101500K [0x0000000080000000, 0x0000000100000000)
  region size 1024K, 39 young (39936K), 4 survivors (4096K)
 Metaspace       used 72054K, committed 72640K, reserved 1114112K
  class space    used 9481K, committed 9728K, reserved 1048576K
}
Event: 15.933 GC heap after
{Heap after GC invocations=40 (full 0):
 garbage-first heap   total 133120K, used 67258K [0x0000000080000000, 0x0000000100000000)
  region size 1024K, 2 young (2048K), 2 survivors (2048K)
 Metaspace       used 72054K, committed 72640K, reserved 1114112K
  class space    used 9481K, committed 9728K, reserved 1048576K
}
Event: 16.520 GC heap before
{Heap before GC invocations=40 (full 0):
 garbage-first heap   total 133120K, used 104122K [0x0000000080000000, 0x0000000100000000)
  region size 1024K, 38 young (38912K), 2 survivors (2048K)
 Metaspace       used 76427K, committed 76992K, reserved 1179648K
  class space    used 10272K, committed 10560K, reserved 1048576K
}
Event: 16.524 GC heap after
{Heap after GC invocations=41 (full 0):
 garbage-first heap   total 133120K, used 69423K [0x0000000080000000, 0x0000000100000000)
  region size 1024K, 4 young (4096K), 4 survivors (4096K)
 Metaspace       used 76427K, committed 76992K, reserved 1179648K
  class space    used 10272K, committed 10560K, reserved 1048576K
}
Event: 17.087 GC heap before
{Heap before GC invocations=41 (full 0):
 garbage-first heap   total 133120K, used 106287K [0x0000000080000000, 0x0000000100000000)
  region size 1024K, 40 young (40960K), 4 survivors (4096K)
 Metaspace       used 80254K, committed 80832K, reserved 1179648K
  class space    used 10836K, committed 11072K, reserved 1048576K
}
Event: 17.093 GC heap after
{Heap after GC invocations=42 (full 0):
 garbage-first heap   total 133120K, used 72146K [0x0000000080000000, 0x0000000100000000)
  region size 1024K, 5 young (5120K), 5 survivors (5120K)
 Metaspace       used 80254K, committed 80832K, reserved 1179648K
  class space    used 10836K, committed 11072K, reserved 1048576K
}
Event: 17.671 GC heap before
{Heap before GC invocations=42 (full 0):
 garbage-first heap   total 133120K, used 107986K [0x0000000080000000, 0x0000000100000000)
  region size 1024K, 40 young (40960K), 5 survivors (5120K)
 Metaspace       used 83993K, committed 84608K, reserved 1179648K
  class space    used 11343K, committed 11648K, reserved 1048576K
}
Event: 17.679 GC heap after
{Heap after GC invocations=43 (full 0):
 garbage-first heap   total 133120K, used 75829K [0x0000000080000000, 0x0000000100000000)
  region size 1024K, 4 young (4096K), 4 survivors (4096K)
 Metaspace       used 83993K, committed 84608K, reserved 1179648K
  class space    used 11343K, committed 11648K, reserved 1048576K
}
Event: 18.342 GC heap before
{Heap before GC invocations=43 (full 0):
 garbage-first heap   total 133120K, used 108597K [0x0000000080000000, 0x0000000100000000)
  region size 1024K, 36 young (36864K), 4 survivors (4096K)
 Metaspace       used 87539K, committed 88128K, reserved 1179648K
  class space    used 11803K, committed 12096K, reserved 1048576K
}
Event: 18.349 GC heap after
{Heap after GC invocations=44 (full 0):
 garbage-first heap   total 172032K, used 80992K [0x0000000080000000, 0x0000000100000000)
  region size 1024K, 5 young (5120K), 5 survivors (5120K)
 Metaspace       used 87539K, committed 88128K, reserved 1179648K
  class space    used 11803K, committed 12096K, reserved 1048576K
}
Event: 19.650 GC heap before
{Heap before GC invocations=44 (full 0):
 garbage-first heap   total 172032K, used 135264K [0x0000000080000000, 0x0000000100000000)
  region size 1024K, 58 young (59392K), 5 survivors (5120K)
 Metaspace       used 88699K, committed 89280K, reserved 1179648K
  class space    used 11965K, committed 12224K, reserved 1048576K
}
Event: 19.663 GC heap after
{Heap after GC invocations=45 (full 0):
 garbage-first heap   total 172032K, used 89329K [0x0000000080000000, 0x0000000100000000)
  region size 1024K, 8 young (8192K), 8 survivors (8192K)
 Metaspace       used 88699K, committed 89280K, reserved 1179648K
  class space    used 11965K, committed 12224K, reserved 1048576K
}
Event: 20.380 GC heap before
{Heap before GC invocations=45 (full 0):
 garbage-first heap   total 172032K, used 133361K [0x0000000080000000, 0x0000000100000000)
  region size 1024K, 52 young (53248K), 8 survivors (8192K)
 Metaspace       used 88902K, committed 89536K, reserved 1179648K
  class space    used 11967K, committed 12288K, reserved 1048576K
}
Event: 20.387 GC heap after
{Heap after GC invocations=46 (full 0):
 garbage-first heap   total 172032K, used 91776K [0x0000000080000000, 0x0000000100000000)
  region size 1024K, 5 young (5120K), 5 survivors (5120K)
 Metaspace       used 88902K, committed 89536K, reserved 1179648K
  class space    used 11967K, committed 12288K, reserved 1048576K
}
Event: 20.729 GC heap before
{Heap before GC invocations=46 (full 0):
 garbage-first heap   total 172032K, used 136832K [0x0000000080000000, 0x0000000100000000)
  region size 1024K, 49 young (50176K), 5 survivors (5120K)
 Metaspace       used 89006K, committed 89600K, reserved 1179648K
  class space    used 11968K, committed 12288K, reserved 1048576K
}
Event: 20.734 GC heap after
{Heap after GC invocations=47 (full 0):
 garbage-first heap   total 172032K, used 93941K [0x0000000080000000, 0x0000000100000000)
  region size 1024K, 4 young (4096K), 4 survivors (4096K)
 Metaspace       used 89006K, committed 89600K, reserved 1179648K
  class space    used 11968K, committed 12288K, reserved 1048576K
}
Event: 21.351 GC heap before
{Heap before GC invocations=47 (full 0):
 garbage-first heap   total 172032K, used 138997K [0x0000000080000000, 0x0000000100000000)
  region size 1024K, 48 young (49152K), 4 survivors (4096K)
 Metaspace       used 89230K, committed 89920K, reserved 1179648K
  class space    used 11978K, committed 12288K, reserved 1048576K
}
Event: 21.358 GC heap after
{Heap after GC invocations=48 (full 0):
 garbage-first heap   total 172032K, used 96942K [0x0000000080000000, 0x0000000100000000)
  region size 1024K, 6 young (6144K), 6 survivors (6144K)
 Metaspace       used 89230K, committed 89920K, reserved 1179648K
  class space    used 11978K, committed 12288K, reserved 1048576K
}
Event: 21.749 GC heap before
{Heap before GC invocations=48 (full 0):
 garbage-first heap   total 172032K, used 137902K [0x0000000080000000, 0x0000000100000000)
  region size 1024K, 47 young (48128K), 6 survivors (6144K)
 Metaspace       used 89455K, committed 90048K, reserved 1179648K
  class space    used 12005K, committed 12288K, reserved 1048576K
}
Event: 21.758 GC heap after
{Heap after GC invocations=49 (full 0):
 garbage-first heap   total 172032K, used 99989K [0x0000000080000000, 0x0000000100000000)
  region size 1024K, 5 young (5120K), 5 survivors (5120K)
 Metaspace       used 89455K, committed 90048K, reserved 1179648K
  class space    used 12005K, committed 12288K, reserved 1048576K
}

