# JRE version: OpenJDK Runtime Environment (17.0.10) (build 17.0.10+0--11572160)
# Java VM: OpenJDK 64-Bit Server VM (17.0.10+0--11572160, mixed mode, tiered, compressed oops, compressed class ptrs, g1 gc, windows-amd64)
GC Precious Log:
 CPUs: 8 total, 8 available
 Memory: 8059M
 Large Page Support: Disabled
 NUMA Support: Disabled
 Compressed Oops: Enabled (32-bit)
 Heap Region Size: 1M
 Heap Min Capacity: 8M
 Heap Initial Capacity: 126M
 Heap Max Capacity: 2G
 Pre-touch: Disabled
 Parallel Workers: 8
 Concurrent Workers: 2
 Concurrent Refinement Workers: 8
 Periodic GC: Disabled
Heap:
 garbage-first heap   total 319488K, used 261854K [0x0000000080000000, 0x0000000100000000)
  region size 1024K, 3 young (3072K), 3 survivors (3072K)
 Metaspace       used 98789K, committed 99392K, reserved 1179648K
  class space    used 13321K, committed 13568K, reserved 1048576K
GC Heap History (20 events):
Event: 16.076 GC heap after
{Heap after GC invocations=34 (full 0):
 garbage-first heap   total 227328K, used 101012K [0x0000000080000000, 0x0000000100000000)
  region size 1024K, 6 young (6144K), 6 survivors (6144K)
 Metaspace       used 89478K, committed 90112K, reserved 1179648K
  class space    used 12012K, committed 12288K, reserved 1048576K
}
Event: 16.597 GC heap before
{Heap before GC invocations=34 (full 0):
 garbage-first heap   total 227328K, used 180884K [0x0000000080000000, 0x0000000100000000)
  region size 1024K, 85 young (87040K), 6 survivors (6144K)
 Metaspace       used 89613K, committed 90240K, reserved 1179648K
  class space    used 12030K, committed 12288K, reserved 1048576K
}
Event: 16.603 GC heap after
{Heap after GC invocations=35 (full 0):
 garbage-first heap   total 227328K, used 104912K [0x0000000080000000, 0x0000000100000000)
  region size 1024K, 10 young (10240K), 10 survivors (10240K)
 Metaspace       used 89613K, committed 90240K, reserved 1179648K
  class space    used 12030K, committed 12288K, reserved 1048576K
}
Event: 17.155 GC heap before
{Heap before GC invocations=35 (full 0):
 garbage-first heap   total 227328K, used 181712K [0x0000000080000000, 0x0000000100000000)
  region size 1024K, 86 young (88064K), 10 survivors (10240K)
 Metaspace       used 91418K, committed 92032K, reserved 1179648K
  class space    used 12324K, committed 12608K, reserved 1048576K
}
Event: 17.166 GC heap after
{Heap after GC invocations=36 (full 0):
 garbage-first heap   total 227328K, used 109092K [0x0000000080000000, 0x0000000100000000)
  region size 1024K, 7 young (7168K), 7 survivors (7168K)
 Metaspace       used 91418K, committed 92032K, reserved 1179648K
  class space    used 12324K, committed 12608K, reserved 1048576K
}
Event: 17.539 GC heap before
{Heap before GC invocations=36 (full 0):
 garbage-first heap   total 227328K, used 182820K [0x0000000080000000, 0x0000000100000000)
  region size 1024K, 80 young (81920K), 7 survivors (7168K)
 Metaspace       used 93069K, committed 93696K, reserved 1179648K
  class space    used 12520K, committed 12800K, reserved 1048576K
}
Event: 17.547 GC heap after
{Heap after GC invocations=37 (full 0):
 garbage-first heap   total 227328K, used 112640K [0x0000000080000000, 0x0000000100000000)
  region size 1024K, 6 young (6144K), 6 survivors (6144K)
 Metaspace       used 93069K, committed 93696K, reserved 1179648K
  class space    used 12520K, committed 12800K, reserved 1048576K
}
Event: 17.895 GC heap before
{Heap before GC invocations=37 (full 0):
 garbage-first heap   total 227328K, used 183296K [0x0000000080000000, 0x0000000100000000)
  region size 1024K, 56 young (57344K), 6 survivors (6144K)
 Metaspace       used 94736K, committed 95360K, reserved 1179648K
  class space    used 12746K, committed 13056K, reserved 1048576K
}
Event: 17.902 GC heap after
{Heap after GC invocations=38 (full 0):
 garbage-first heap   total 227328K, used 144674K [0x0000000080000000, 0x0000000100000000)
  region size 1024K, 10 young (10240K), 10 survivors (10240K)
 Metaspace       used 94736K, committed 95360K, reserved 1179648K
  class space    used 12746K, committed 13056K, reserved 1048576K
}
Event: 18.486 GC heap before
{Heap before GC invocations=39 (full 0):
 garbage-first heap   total 266240K, used 219426K [0x0000000080000000, 0x0000000100000000)
  region size 1024K, 46 young (47104K), 10 survivors (10240K)
 Metaspace       used 98356K, committed 99008K, reserved 1179648K
  class space    used 13262K, committed 13568K, reserved 1048576K
}
Event: 18.495 GC heap after
{Heap after GC invocations=40 (full 0):
 garbage-first heap   total 266240K, used 180224K [0x0000000080000000, 0x0000000100000000)
  region size 1024K, 6 young (6144K), 6 survivors (6144K)
 Metaspace       used 98356K, committed 99008K, reserved 1179648K
  class space    used 13262K, committed 13568K, reserved 1048576K
}
Event: 18.500 GC heap before
{Heap before GC invocations=40 (full 0):
 garbage-first heap   total 266240K, used 200704K [0x0000000080000000, 0x0000000100000000)
  region size 1024K, 13 young (13312K), 6 survivors (6144K)
 Metaspace       used 98357K, committed 99008K, reserved 1179648K
  class space    used 13262K, committed 13568K, reserved 1048576K
}
Event: 18.504 GC heap after
{Heap after GC invocations=41 (full 0):
 garbage-first heap   total 319488K, used 186942K [0x0000000080000000, 0x0000000100000000)
  region size 1024K, 2 young (2048K), 2 survivors (2048K)
 Metaspace       used 98357K, committed 99008K, reserved 1179648K
  class space    used 13262K, committed 13568K, reserved 1048576K
}
Event: 18.813 GC heap before
{Heap before GC invocations=41 (full 0):
 garbage-first heap   total 319488K, used 290366K [0x0000000080000000, 0x0000000100000000)
  region size 1024K, 57 young (58368K), 2 survivors (2048K)
 Metaspace       used 98771K, committed 99392K, reserved 1179648K
  class space    used 13320K, committed 13568K, reserved 1048576K
}
Event: 18.830 GC heap after
{Heap after GC invocations=42 (full 0):
 garbage-first heap   total 319488K, used 227632K [0x0000000080000000, 0x0000000100000000)
  region size 1024K, 8 young (8192K), 8 survivors (8192K)
 Metaspace       used 98771K, committed 99392K, reserved 1179648K
  class space    used 13320K, committed 13568K, reserved 1048576K
}
Event: 19.021 GC heap before
{Heap before GC invocations=42 (full 0):
 garbage-first heap   total 319488K, used 258352K [0x0000000080000000, 0x0000000100000000)
  region size 1024K, 39 young (39936K), 8 survivors (8192K)
 Metaspace       used 98771K, committed 99392K, reserved 1179648K
  class space    used 13320K, committed 13568K, reserved 1048576K
}
Event: 19.038 GC heap after
{Heap after GC invocations=43 (full 0):
 garbage-first heap   total 319488K, used 240261K [0x0000000080000000, 0x0000000100000000)
  region size 1024K, 5 young (5120K), 5 survivors (5120K)
 Metaspace       used 98771K, committed 99392K, reserved 1179648K
  class space    used 13320K, committed 13568K, reserved 1048576K
}
Event: 19.269 GC heap before
{Heap before GC invocations=43 (full 0):
 garbage-first heap   total 319488K, used 268933K [0x0000000080000000, 0x0000000100000000)
  region size 1024K, 29 young (29696K), 5 survivors (5120K)
 Metaspace       used 98788K, committed 99392K, reserved 1179648K
  class space    used 13321K, committed 13568K, reserved 1048576K
}
Event: 19.290 GC heap after
{Heap after GC invocations=44 (full 0):
 garbage-first heap   total 319488K, used 254728K [0x0000000080000000, 0x0000000100000000)
  region size 1024K, 4 young (4096K), 4 survivors (4096K)
 Metaspace       used 98788K, committed 99392K, reserved 1179648K
  class space    used 13321K, committed 13568K, reserved 1048576K
}
Event: 19.367 GC heap before
{Heap before GC invocations=44 (full 0):
 garbage-first heap   total 319488K, used 271112K [0x0000000080000000, 0x0000000100000000)
  region size 1024K, 19 young (19456K), 4 survivors (4096K)
 Metaspace       used 98789K, committed 99392K, reserved 1179648K
  class space    used 13321K, committed 13568K, reserved 1048576K
}

