# JRE version: OpenJDK Runtime Environment (17.0.10) (build 17.0.10+0--11572160)
# Java VM: OpenJDK 64-Bit Server VM (17.0.10+0--11572160, mixed mode, tiered, compressed oops, compressed class ptrs, g1 gc, windows-amd64)
GC Precious Log:
 CPUs: 8 total, 8 available
 Memory: 8059M
 Large Page Support: Disabled
 NUMA Support: Disabled
 Compressed Oops: Enabled (32-bit)
 Heap Region Size: 1M
 Heap Min Capacity: 8M
 Heap Initial Capacity: 126M
 Heap Max Capacity: 2G
 Pre-touch: Disabled
 Parallel Workers: 8
 Concurrent Workers: 2
 Concurrent Refinement Workers: 8
 Periodic GC: Disabled
Heap:
 garbage-first heap   total 456704K, used 299845K [0x0000000080000000, 0x0000000100000000)
  region size 1024K, 67 young (68608K), 18 survivors (18432K)
 Metaspace       used 117074K, committed 117888K, reserved 1179648K
  class space    used 15207K, committed 15616K, reserved 1048576K
GC Heap History (20 events):
Event: 23.171 GC heap before
{Heap before GC invocations=55 (full 0):
 garbage-first heap   total 348160K, used 287568K [0x0000000080000000, 0x0000000100000000)
  region size 1024K, 94 young (96256K), 7 survivors (7168K)
 Metaspace       used 103710K, committed 104384K, reserved 1179648K
  class space    used 13442K, committed 13760K, reserved 1048576K
}
Event: 23.175 GC heap after
{Heap after GC invocations=56 (full 0):
 garbage-first heap   total 348160K, used 197392K [0x0000000080000000, 0x0000000100000000)
  region size 1024K, 5 young (5120K), 5 survivors (5120K)
 Metaspace       used 103710K, committed 104384K, reserved 1179648K
  class space    used 13442K, committed 13760K, reserved 1048576K
}
Event: 24.008 GC heap before
{Heap before GC invocations=56 (full 0):
 garbage-first heap   total 348160K, used 291600K [0x0000000080000000, 0x0000000100000000)
  region size 1024K, 98 young (100352K), 5 survivors (5120K)
 Metaspace       used 104730K, committed 105472K, reserved 1179648K
  class space    used 13554K, committed 13888K, reserved 1048576K
}
Event: 24.018 GC heap after
{Heap after GC invocations=57 (full 0):
 garbage-first heap   total 348160K, used 206906K [0x0000000080000000, 0x0000000100000000)
  region size 1024K, 13 young (13312K), 13 survivors (13312K)
 Metaspace       used 104730K, committed 105472K, reserved 1179648K
  class space    used 13554K, committed 13888K, reserved 1048576K
}
Event: 24.768 GC heap before
{Heap before GC invocations=57 (full 0):
 garbage-first heap   total 348160K, used 291898K [0x0000000080000000, 0x0000000100000000)
  region size 1024K, 94 young (96256K), 13 survivors (13312K)
 Metaspace       used 105580K, committed 106368K, reserved 1179648K
  class space    used 13658K, committed 14016K, reserved 1048576K
}
Event: 24.781 GC heap after
{Heap after GC invocations=58 (full 0):
 garbage-first heap   total 348160K, used 211358K [0x0000000080000000, 0x0000000100000000)
  region size 1024K, 7 young (7168K), 7 survivors (7168K)
 Metaspace       used 105580K, committed 106368K, reserved 1179648K
  class space    used 13658K, committed 14016K, reserved 1048576K
}
Event: 25.770 GC heap before
{Heap before GC invocations=58 (full 0):
 garbage-first heap   total 348160K, used 290206K [0x0000000080000000, 0x0000000100000000)
  region size 1024K, 85 young (87040K), 7 survivors (7168K)
 Metaspace       used 110739K, committed 111424K, reserved 1179648K
  class space    used 14348K, committed 14656K, reserved 1048576K
}
Event: 25.778 GC heap after
{Heap after GC invocations=59 (full 0):
 garbage-first heap   total 348160K, used 215588K [0x0000000080000000, 0x0000000100000000)
  region size 1024K, 11 young (11264K), 11 survivors (11264K)
 Metaspace       used 110739K, committed 111424K, reserved 1179648K
  class space    used 14348K, committed 14656K, reserved 1048576K
}
Event: 26.124 GC heap before
{Heap before GC invocations=59 (full 0):
 garbage-first heap   total 348160K, used 290340K [0x0000000080000000, 0x0000000100000000)
  region size 1024K, 85 young (87040K), 11 survivors (11264K)
 Metaspace       used 110870K, committed 111616K, reserved 1179648K
  class space    used 14364K, committed 14720K, reserved 1048576K
}
Event: 26.133 GC heap after
{Heap after GC invocations=60 (full 0):
 garbage-first heap   total 348160K, used 219880K [0x0000000080000000, 0x0000000100000000)
  region size 1024K, 7 young (7168K), 7 survivors (7168K)
 Metaspace       used 110870K, committed 111616K, reserved 1179648K
  class space    used 14364K, committed 14720K, reserved 1048576K
}
Event: 26.482 GC heap before
{Heap before GC invocations=60 (full 0):
 garbage-first heap   total 348160K, used 292584K [0x0000000080000000, 0x0000000100000000)
  region size 1024K, 79 young (80896K), 7 survivors (7168K)
 Metaspace       used 111244K, committed 112064K, reserved 1179648K
  class space    used 14423K, committed 14784K, reserved 1048576K
}
Event: 26.489 GC heap after
{Heap after GC invocations=61 (full 0):
 garbage-first heap   total 348160K, used 222168K [0x0000000080000000, 0x0000000100000000)
  region size 1024K, 6 young (6144K), 6 survivors (6144K)
 Metaspace       used 111244K, committed 112064K, reserved 1179648K
  class space    used 14423K, committed 14784K, reserved 1048576K
}
Event: 26.796 GC heap before
{Heap before GC invocations=61 (full 0):
 garbage-first heap   total 348160K, used 281560K [0x0000000080000000, 0x0000000100000000)
  region size 1024K, 42 young (43008K), 6 survivors (6144K)
 Metaspace       used 111640K, committed 112384K, reserved 1179648K
  class space    used 14462K, committed 14784K, reserved 1048576K
}
Event: 26.804 GC heap after
{Heap after GC invocations=62 (full 0):
 garbage-first heap   total 348160K, used 259348K [0x0000000080000000, 0x0000000100000000)
  region size 1024K, 10 young (10240K), 10 survivors (10240K)
 Metaspace       used 111640K, committed 112384K, reserved 1179648K
  class space    used 14462K, committed 14784K, reserved 1048576K
}
Event: 27.566 GC heap before
{Heap before GC invocations=63 (full 0):
 garbage-first heap   total 388096K, used 248084K [0x0000000080000000, 0x0000000100000000)
  region size 1024K, 40 young (40960K), 10 survivors (10240K)
 Metaspace       used 114259K, committed 115008K, reserved 1179648K
  class space    used 14831K, committed 15168K, reserved 1048576K
}
Event: 27.575 GC heap after
{Heap after GC invocations=64 (full 0):
 garbage-first heap   total 388096K, used 221451K [0x0000000080000000, 0x0000000100000000)
  region size 1024K, 5 young (5120K), 5 survivors (5120K)
 Metaspace       used 114259K, committed 115008K, reserved 1179648K
  class space    used 14831K, committed 15168K, reserved 1048576K
}
Event: 27.687 GC heap before
{Heap before GC invocations=64 (full 0):
 garbage-first heap   total 388096K, used 238859K [0x0000000080000000, 0x0000000100000000)
  region size 1024K, 18 young (18432K), 5 survivors (5120K)
 Metaspace       used 115120K, committed 115904K, reserved 1179648K
  class space    used 14947K, committed 15296K, reserved 1048576K
}
Event: 27.693 GC heap after
{Heap after GC invocations=65 (full 0):
 garbage-first heap   total 456704K, used 187197K [0x0000000080000000, 0x0000000100000000)
  region size 1024K, 3 young (3072K), 3 survivors (3072K)
 Metaspace       used 115120K, committed 115904K, reserved 1179648K
  class space    used 14947K, committed 15296K, reserved 1048576K
}
Event: 29.006 GC heap before
{Heap before GC invocations=65 (full 0):
 garbage-first heap   total 456704K, used 409405K [0x0000000080000000, 0x0000000100000000)
  region size 1024K, 141 young (144384K), 3 survivors (3072K)
 Metaspace       used 116078K, committed 116928K, reserved 1179648K
  class space    used 15069K, committed 15488K, reserved 1048576K
}
Event: 29.025 GC heap after
{Heap after GC invocations=66 (full 0):
 garbage-first heap   total 456704K, used 247622K [0x0000000080000000, 0x0000000100000000)
  region size 1024K, 18 young (18432K), 18 survivors (18432K)
 Metaspace       used 116078K, committed 116928K, reserved 1179648K
  class space    used 15069K, committed 15488K, reserved 1048576K
}

